<?xml version="1.0" encoding="UTF-8"?>
<!-- Generated by org.testng.reporters.JUnitXMLReporter -->
<testsuite ignored="0" hostname="DESKTOP-PQGSTH5" failures="0" tests="4" name="Default test" time="1.603" errors="0" timestamp="2026-08-17T18:03:11 IST">
  <testcase classname="com.rideshare.Tests.LoginPage_Test" name="clickSignInButton" time="0.779"/>
  <testcase classname="com.rideshare.Tests.LoginPage_Test" name="testEnteredEmail" time="0.301"/>
  <testcase classname="com.rideshare.Tests.LoginPage_Test" name="testEnteredPassword" time="0.194"/>
  <testcase classname="com.rideshare.Tests.LoginPage_Test" name="testSubmit" time="0.165"/>
</testsuite> <!-- Default test -->
