<?xml version="1.0" encoding="UTF-8"?>
<!-- Generated by org.testng.reporters.JUnitReportReporter -->
<testsuite hostname="DESKTOP-PQGSTH5" failures="0" tests="4" name="com.rideshare.Tests.LoginPage_Test" time="1.446" errors="0" timestamp="2026-08-17T18:03:12 IST" skipped="0">
  <testcase classname="com.rideshare.Tests.LoginPage_Test" name="clickSignInButton" time="0.783"/>
  <testcase classname="com.rideshare.Tests.LoginPage_Test" name="testEnteredPassword" time="0.195"/>
  <testcase classname="com.rideshare.Tests.LoginPage_Test" name="testEnteredEmail" time="0.302"/>
  <testcase classname="com.rideshare.Tests.LoginPage_Test" name="testSubmit" time="0.166"/>
</testsuite> <!-- com.rideshare.Tests.LoginPage_Test -->
